<?xml version="1.0" encoding="UTF-8"?>
<!-- Generated by org.testng.reporters.JUnitReportReporter -->
<testsuite skipped="0" hostname="dsnehasr" name="com.training.sanity.tests.CYTC_045_Settings" tests="4" failures="0" timestamp="18 Mar 2019 08:42:39 GMT" time="87.102" errors="0">
  <testcase name="testCount" time="16.472" classname="com.training.sanity.tests.CYTC_045_Settings"/>
  <testcase name="Validate_Settings_of_Member" time="26.255" classname="com.training.sanity.tests.CYTC_045_Settings"/>
  <testcase name="testCount" time="20.358" classname="com.training.sanity.tests.CYTC_045_Settings"/>
  <testcase name="testCount" time="24.017" classname="com.training.sanity.tests.CYTC_045_Settings"/>
</testsuite> <!-- com.training.sanity.tests.CYTC_045_Settings -->
