<?xml version="1.0" encoding="UTF-8"?>
<!-- Generated by org.testng.reporters.JUnitReportReporter -->
<testsuite skipped="0" hostname="dsnehasr" name="com.training.sanity.tests.CYTC_044_View_Member_Payment" tests="1" failures="0" timestamp="18 Mar 2019 06:52:22 GMT" time="35.240" errors="0">
  <testcase name="Validate_View_Member_Payment" time="35.240" classname="com.training.sanity.tests.CYTC_044_View_Member_Payment"/>
</testsuite> <!-- com.training.sanity.tests.CYTC_044_View_Member_Payment -->
