<?xml version="1.0" encoding="UTF-8"?>
<!-- Generated by org.testng.reporters.JUnitReportReporter -->
<testsuite skipped="0" hostname="dsnehasr" name="com.training.sanity.tests.CYTC_041_Member_PL" tests="1" failures="0" timestamp="13 Mar 2019 10:25:40 GMT" time="54.949" errors="0">
  <testcase name="Validate_Add_Advertisement" time="54.949" classname="com.training.sanity.tests.CYTC_041_Member_PL"/>
</testsuite> <!-- com.training.sanity.tests.CYTC_041_Member_PL -->
