<?xml version="1.0" encoding="UTF-8"?>
<!-- Generated by org.testng.reporters.JUnitReportReporter -->
<testsuite skipped="0" hostname="dsnehasr" name="com.training.sanity.tests.CYTC_042_Payment2Other_Member" tests="1" failures="0" timestamp="14 Mar 2019 06:37:52 GMT" time="34.999" errors="0">
  <testcase name="Validate_Member_Granted_Loan" time="34.999" classname="com.training.sanity.tests.CYTC_042_Payment2Other_Member"/>
</testsuite> <!-- com.training.sanity.tests.CYTC_042_Payment2Other_Member -->
