<?xml version="1.0" encoding="UTF-8"?>
<!-- Generated by org.testng.reporters.JUnitReportReporter -->
<testsuite skipped="0" hostname="dsnehasr" name="com.training.sanity.tests.CYTC_043_View_Message" tests="1" failures="0" timestamp="14 Mar 2019 11:54:11 GMT" time="34.555" errors="0">
  <testcase name="Validate_View_Message" time="34.555" classname="com.training.sanity.tests.CYTC_043_View_Message"/>
</testsuite> <!-- com.training.sanity.tests.CYTC_043_View_Message -->
