<?xml version="1.0" encoding="UTF-8"?>
<!-- Generated by org.testng.reporters.JUnitReportReporter -->
<testsuite skipped="0" hostname="dsnehasr" name="com.training.sanity.tests.CYTC_042_PaymenttoOther_Member" tests="1" failures="0" timestamp="18 Mar 2019 11:15:15 GMT" time="40.166" errors="0">
  <testcase name="Validate_View_Member_Payment" time="40.166" classname="com.training.sanity.tests.CYTC_042_PaymenttoOther_Member"/>
</testsuite> <!-- com.training.sanity.tests.CYTC_042_PaymenttoOther_Member -->
